<?xml version="1.0" encoding="UTF-8"?>
<!-- Generated by org.testng.reporters.JUnitXMLReporter -->
<testsuite ignored="0" hostname="Raymonds-MacBook-Air.local" failures="0" tests="2" name="Default test" time="33.754" errors="0" timestamp="2024-03-20T18:29:41 IST">
  <testcase classname="io.cucumber.testng.AbstractTestNGCucumberTests" name="runScenario" time="17.028"/>
  <testcase classname="io.cucumber.testng.AbstractTestNGCucumberTests" name="runScenario" time="15.572"/>
</testsuite> <!-- Default test -->
