<?xml version="1.0" encoding="UTF-8"?>
<!-- Generated by org.testng.reporters.JUnitXMLReporter -->
<testsuite ignored="1" hostname="Raymonds-MacBook-Air.local" failures="0" tests="2" name="Ecommerce" time="34.289" errors="0" timestamp="2024-02-25T19:09:29 IST">
  <testcase classname="seleniumTutorial.Tests.Ecommerce" name="submitEcommerce" time="10.475"/>
  <testcase classname="seleniumTutorial.Tests.Ecommerce" name="submitEcommerce" time="10.372"/>
  <testcase classname="seleniumTutorial.Tests.Ecommerce" name="orderHistory" time="0.0">
    <ignored/>
  </testcase> <!-- orderHistory -->
</testsuite> <!-- Ecommerce -->
