<?xml version="1.0" encoding="UTF-8"?>
<!-- Generated by org.testng.reporters.JUnitXMLReporter -->
<testsuite ignored="0" hostname="Raymonds-MacBook-Air.local" failures="0" tests="3" name="Ecommerce Test" time="47.9" errors="0" timestamp="2024-03-18T11:48:51 IST">
  <testcase classname="seleniumTutorial.Tests.Ecommerce" name="submitEcommerce" time="13.366"/>
  <testcase classname="seleniumTutorial.Tests.Ecommerce" name="submitEcommerce" time="11.75"/>
  <testcase classname="seleniumTutorial.Tests.Ecommerce" name="orderHistory" time="1.581"/>
</testsuite> <!-- Ecommerce Test -->
