<?xml version="1.0" encoding="UTF-8"?>
<!-- Generated by org.testng.reporters.JUnitXMLReporter -->
<testsuite ignored="2" hostname="Raymonds-MacBook-Air.local" failures="3" tests="3" name="Test" time="0.126" errors="0" timestamp="2024-02-22T23:09:36 IST">
  <testcase classname="seleniumTutorial.Tests.Ecommerce" name="submitEcommerce" time="0.016">
    <failure type="java.lang.NullPointerException" message="Cannot invoke &amp;quot;seleniumTutorial.pageObjects.LandingPage.loginApplication(String, String)&amp;quot; because &amp;quot;this.page&amp;quot; is null">
      <![CDATA[java.lang.NullPointerException: Cannot invoke "seleniumTutorial.pageObjects.LandingPage.loginApplication(String, String)" because "this.page" is null
at seleniumTutorial.Tests.Ecommerce.submitEcommerce(Ecommerce.java:30)
at java.base/java.util.ArrayList.forEach(ArrayList.java:1511)
... Removed 27 stack frames]]>
    </failure>
  </testcase> <!-- submitEcommerce -->
  <testcase classname="seleniumTutorial.Tests.Ecommerce" name="submitEcommerce" time="0.003">
    <failure type="java.lang.NullPointerException" message="Cannot invoke &amp;quot;seleniumTutorial.pageObjects.LandingPage.loginApplication(String, String)&amp;quot; because &amp;quot;this.page&amp;quot; is null">
      <![CDATA[java.lang.NullPointerException: Cannot invoke "seleniumTutorial.pageObjects.LandingPage.loginApplication(String, String)" because "this.page" is null
at seleniumTutorial.Tests.Ecommerce.submitEcommerce(Ecommerce.java:30)
at java.base/java.util.ArrayList.forEach(ArrayList.java:1511)
... Removed 27 stack frames]]>
    </failure>
  </testcase> <!-- submitEcommerce -->
  <testcase classname="seleniumTutorial.Tests.Ecommerce" name="submitEcommerce" time="0.004">
    <failure type="java.lang.NullPointerException" message="Cannot invoke &amp;quot;seleniumTutorial.pageObjects.LandingPage.loginApplication(String, String)&amp;quot; because &amp;quot;this.page&amp;quot; is null">
      <![CDATA[java.lang.NullPointerException: Cannot invoke "seleniumTutorial.pageObjects.LandingPage.loginApplication(String, String)" because "this.page" is null
at seleniumTutorial.Tests.Ecommerce.submitEcommerce(Ecommerce.java:30)
at java.base/java.util.ArrayList.forEach(ArrayList.java:1511)
... Removed 27 stack frames]]>
    </failure>
  </testcase> <!-- submitEcommerce -->
  <testcase classname="seleniumTutorial.Tests.Ecommerce" name="orderHistory" time="0.0">
    <ignored/>
  </testcase> <!-- orderHistory -->
  <testcase classname="seleniumTutorial.Tests.ErrorValidation" name="submitEcommerce" time="0.0">
    <ignored/>
  </testcase> <!-- submitEcommerce -->
</testsuite> <!-- Test -->
