<?xml version="1.0" encoding="UTF-8"?>
<!-- Generated by org.testng.reporters.JUnitXMLReporter -->
<testsuite ignored="1" hostname="Raymonds-MacBook-Air.local" failures="0" tests="2" name="Ecommerce" time="37.97" errors="0" timestamp="2024-03-17T18:17:26 IST">
  <testcase classname="seleniumTutorial.Tests.Ecommerce" name="submitEcommerce" time="10.467"/>
  <testcase classname="seleniumTutorial.Tests.Ecommerce" name="submitEcommerce" time="10.685"/>
  <testcase classname="seleniumTutorial.Tests.Ecommerce" name="orderHistory" time="0.0">
    <ignored/>
  </testcase> <!-- orderHistory -->
</testsuite> <!-- Ecommerce -->
