<?xml version="1.0" encoding="UTF-8"?>
<testsuite xmlns:xsi="http://www.w3.org/2001/XMLSchema-instance" xsi:noNamespaceSchemaLocation="https://maven.apache.org/surefire/maven-surefire-plugin/xsd/surefire-test-report-3.0.xsd" version="3.0" name="Cucumber.TestNGTestRunner" time="94.728" tests="2" errors="0" skipped="0" failures="0">
  <properties>
[...]
</properties>
  <testcase name="runScenario[&quot;Positive Test for submitting the order&quot;, &quot;Purchase the order from Ecommerce Website&quot;](1)" classname="Cucumber.TestNGTestRunner" time="66.811">
    <system-out><![CDATA[
@tag @Regression
Scenario Outline: Positive Test for submitting the order                     # src/test/java/Cucumber/SubmitOrder.feature:18
  Given I landed on Ecommerce Page                                           # seleniumTutorial.StepDefinitions.StepDefinitionImpl.I_landed_on_Ecommerce_Page()
  Given Logged in with username johndoe12@gmail.com and password Johndoe@123 # seleniumTutorial.StepDefinitions.StepDefinitionImpl.Logged_in_usename_and_password(java.lang.String,java.lang.String)
  When Select the product ZARA COAT 3 and add to cart                        # seleniumTutorial.StepDefinitions.StepDefinitionImpl.Select_the_product_and_add_to_cart(java.lang.String)
  And Checkout ZARA COAT 3 and submit the order                              # seleniumTutorial.StepDefinitions.StepDefinitionImpl.Checkout_and_submit_the_order(java.lang.String)
  Then "THANKYOU FOR THE ORDER." message is displayed on ConfirmationPage    # seleniumTutorial.StepDefinitions.StepDefinitionImpl.message_displayed_confirmationPage(java.lang.String)
]]></system-out>
    <system-err><![CDATA[SLF4J(W): No SLF4J providers were found.
SLF4J(W): Defaulting to no-operation (NOP) logger implementation
SLF4J(W): See https://www.slf4j.org/codes.html#noProviders for further details.
Mar 20, 2024 9:19:30 PM org.openqa.selenium.devtools.CdpVersionFinder findNearestMatch
WARNING: Unable to find an exact match for CDP version 122, returning the closest version; found: 121; Please update to a Selenium version that supports CDP version 122
]]></system-err>
  </testcase>
  <testcase name="runScenario[&quot;Positive Test for submitting the order&quot;, &quot;Purchase the order from Ecommerce Website&quot;](2)" classname="Cucumber.TestNGTestRunner" time="19.958">
    <system-out><![CDATA[
@tag @Regression
Scenario Outline: Positive Test for submitting the order                   # src/test/java/Cucumber/SubmitOrder.feature:19
  Given I landed on Ecommerce Page                                         # seleniumTutorial.StepDefinitions.StepDefinitionImpl.I_landed_on_Ecommerce_Page()
  Given Logged in with username anshika@gmail.com and password Iamking@000 # seleniumTutorial.StepDefinitions.StepDefinitionImpl.Logged_in_usename_and_password(java.lang.String,java.lang.String)
  When Select the product ADIDAS ORIGINAL and add to cart                  # seleniumTutorial.StepDefinitions.StepDefinitionImpl.Select_the_product_and_add_to_cart(java.lang.String)
  And Checkout ADIDAS ORIGINAL and submit the order                        # seleniumTutorial.StepDefinitions.StepDefinitionImpl.Checkout_and_submit_the_order(java.lang.String)
  Then "THANKYOU FOR THE ORDER." message is displayed on ConfirmationPage  # seleniumTutorial.StepDefinitions.StepDefinitionImpl.message_displayed_confirmationPage(java.lang.String)
]]></system-out>
    <system-err><![CDATA[Mar 20, 2024 9:19:49 PM org.openqa.selenium.devtools.CdpVersionFinder findNearestMatch
WARNING: Unable to find an exact match for CDP version 122, returning the closest version; found: 121; Please update to a Selenium version that supports CDP version 122
]]></system-err>
  </testcase>
</testsuite>